Adivinando/Adivinando/app/build/intermediates/manifest_merge_blame_file/debug/manifest-merger-blame-debug-report.txt
1<?xml version="1.0" encoding="utf-8"?>
2<manifest xmlns:android="http://schemas.android.com/apk/res/android"
3    package="com.divinando.tfg.adivinando"
4    android:versionCode="1"
5    android:versionName="1.0" >
6
7    <uses-sdk
8        android:minSdkVersion="21"
8-->src\main\AndroidManifest.xml
9        android:targetSdkVersion="31" />
9-->src\main\AndroidManifest.xml
10
11    <queries>
11-->src\main\AndroidManifest.xml:5:5-106
12        <provider android:authorities="com.facebook.katana.provider.PlatformProvider" />
12-->src\main\AndroidManifest.xml:5:15-95
12-->src\main\AndroidManifest.xml:5:25-92
13    </queries>
14
15    <uses-permission android:name="android.permission.INTERNET" />
15-->src\main\AndroidManifest.xml:6:5-67
15-->src\main\AndroidManifest.xml:6:22-64
16    <uses-permission android:name="android.permission.ACCESS_NETWORK_STATE" />
16-->src\main\AndroidManifest.xml:7:5-79
16-->src\main\AndroidManifest.xml:7:22-76
17    <uses-permission android:name="com.google.android.gms.permission.ACTIVITY_RECOGNITION" />
17-->src\main\AndroidManifest.xml:8:5-94
17-->src\main\AndroidManifest.xml:8:22-91
18    <uses-permission android:name="android.permission.WAKE_LOCK" />
18-->[com.google.android.gms:play-services-measurement-api:21.0.0] AndroidManifest.xml:24:5-68
18-->[com.google.android.gms:play-services-measurement-api:21.0.0] AndroidManifest.xml:24:22-65
19    <uses-permission android:name="com.google.android.finsky.permission.BIND_GET_INSTALL_REFERRER_SERVICE" />
19-->[com.google.android.gms:play-services-measurement:21.0.0] AndroidManifest.xml:26:5-110
19-->[com.google.android.gms:play-services-measurement:21.0.0] AndroidManifest.xml:26:22-107
20
21    <application
21-->src\main\AndroidManifest.xml:14:5-72:19
22        android:allowBackup="true"
22-->src\main\AndroidManifest.xml:15:9-35
23        android:appComponentFactory="androidx.core.app.CoreComponentFactory"
23-->[androidx.core:core:1.7.0] AndroidManifest.xml:24:18-86
24        android:debuggable="true"
25        android:icon="@mipmap/ic_launcher"
25-->src\main\AndroidManifest.xml:16:9-43
26        android:label="@string/app_name"
26-->src\main\AndroidManifest.xml:17:9-41
27        android:roundIcon="@mipmap/ic_launcher_round"
27-->src\main\AndroidManifest.xml:18:9-54
28        android:supportsRtl="true"
28-->src\main\AndroidManifest.xml:19:9-35
29        android:testOnly="true"
30        android:theme="@style/Theme.Adivinando" >
30-->src\main\AndroidManifest.xml:20:9-48
31        <activity
31-->src\main\AndroidManifest.xml:21:9-24:45
32            android:name="com.divinando.tfg.adivinando.ui.MenuFragments.Login.Login"
32-->src\main\AndroidManifest.xml:22:13-85
33            android:exported="false" />
33-->src\main\AndroidManifest.xml:23:13-37
34        <activity
34-->src\main\AndroidManifest.xml:25:9-35:20
35            android:name="com.divinando.tfg.adivinando.ui.SplashScreenActivity"
35-->src\main\AndroidManifest.xml:26:13-52
36            android:configChanges="orientation|keyboardHidden|screenSize"
36-->src\main\AndroidManifest.xml:27:13-74
37            android:exported="true"
37-->src\main\AndroidManifest.xml:28:13-36
38            android:theme="@style/Theme.Adivinando.Fullscreen" >
38-->src\main\AndroidManifest.xml:29:13-63
39            <intent-filter>
39-->src\main\AndroidManifest.xml:30:13-34:29
40                <action android:name="android.intent.action.MAIN" />
40-->src\main\AndroidManifest.xml:31:17-69
40-->src\main\AndroidManifest.xml:31:25-66
41
42                <category android:name="android.intent.category.LAUNCHER" />
42-->src\main\AndroidManifest.xml:33:17-77
42-->src\main\AndroidManifest.xml:33:27-74
43            </intent-filter>
44        </activity>
45        <activity
45-->src\main\AndroidManifest.xml:36:9-42:20
46            android:name="com.divinando.tfg.adivinando.ui.MainActivity"
46-->src\main\AndroidManifest.xml:37:13-44
47            android:exported="true"
47-->src\main\AndroidManifest.xml:38:13-36
48            android:label="@string/app_name"
48-->src\main\AndroidManifest.xml:39:13-45
49            android:theme="@style/Theme.Adivinando.NoActionBar" >
49-->src\main\AndroidManifest.xml:40:13-64
50        </activity>
51
52        <meta-data
52-->src\main\AndroidManifest.xml:44:9-46:55
53            android:name="com.facebook.sdk.ApplicationId"
53-->src\main\AndroidManifest.xml:45:13-58
54            android:value="@string/facebook_app_id" />
54-->src\main\AndroidManifest.xml:46:13-52
55        <meta-data
55-->src\main\AndroidManifest.xml:47:9-49:61
56            android:name="com.facebook.sdk.ClientToken"
56-->src\main\AndroidManifest.xml:48:13-56
57            android:value="@string/facebook_client_token" />
57-->src\main\AndroidManifest.xml:49:13-58
58
59        <activity
59-->src\main\AndroidManifest.xml:51:9-54:48
60            android:name="com.facebook.FacebookActivity"
60-->src\main\AndroidManifest.xml:52:13-57
61            android:configChanges="keyboard|keyboardHidden|screenLayout|screenSize|orientation"
61-->src\main\AndroidManifest.xml:53:13-96
62            android:label="@string/app_name"
62-->src\main\AndroidManifest.xml:54:13-45
63            android:theme="@style/com_facebook_activity_theme" />
63-->[com.facebook.android:facebook-common:13.2.0] AndroidManifest.xml:33:13-63
64        <activity
64-->src\main\AndroidManifest.xml:55:9-66:20
65            android:name="com.facebook.CustomTabActivity"
65-->src\main\AndroidManifest.xml:56:13-58
66            android:exported="true" >
66-->src\main\AndroidManifest.xml:57:13-36
67            <intent-filter>
67-->src\main\AndroidManifest.xml:58:13-65:29
68                <action android:name="android.intent.action.VIEW" />
68-->src\main\AndroidManifest.xml:59:17-69
68-->src\main\AndroidManifest.xml:59:25-66
69
70                <category android:name="android.intent.category.DEFAULT" />
70-->src\main\AndroidManifest.xml:61:17-76
70-->src\main\AndroidManifest.xml:61:27-73
71                <category android:name="android.intent.category.BROWSABLE" />
71-->src\main\AndroidManifest.xml:62:17-78
71-->src\main\AndroidManifest.xml:62:27-75
72
73                <data android:scheme="@string/fb_login_protocol_scheme" />
73-->src\main\AndroidManifest.xml:64:17-75
73-->src\main\AndroidManifest.xml:64:23-72
74            </intent-filter>
75            <intent-filter>
75-->[com.facebook.android:facebook-common:13.2.0] AndroidManifest.xml:39:13-48:29
76                <action android:name="android.intent.action.VIEW" />
76-->src\main\AndroidManifest.xml:59:17-69
76-->src\main\AndroidManifest.xml:59:25-66
77
78                <category android:name="android.intent.category.DEFAULT" />
78-->src\main\AndroidManifest.xml:61:17-76
78-->src\main\AndroidManifest.xml:61:27-73
79                <category android:name="android.intent.category.BROWSABLE" />
79-->src\main\AndroidManifest.xml:62:17-78
79-->src\main\AndroidManifest.xml:62:27-75
80
81                <data
81-->src\main\AndroidManifest.xml:64:17-75
82                    android:host="cct.com.divinando.tfg.adivinando"
83                    android:scheme="fbconnect" />
83-->src\main\AndroidManifest.xml:64:23-72
84            </intent-filter>
85        </activity>
86
87        <meta-data
87-->src\main\AndroidManifest.xml:44:9-46:55
88            android:name="com.facebook.sdk.ApplicationId"
88-->src\main\AndroidManifest.xml:45:13-58
89            android:value="@string/facebook_app_id" />
89-->src\main\AndroidManifest.xml:46:13-52
90        <meta-data
90-->src\main\AndroidManifest.xml:47:9-49:61
91            android:name="com.facebook.sdk.ClientToken"
91-->src\main\AndroidManifest.xml:48:13-56
92            android:value="@string/facebook_client_token" />
92-->src\main\AndroidManifest.xml:49:13-58
93        <meta-data
93-->src\main\AndroidManifest.xml:69:9-71:57
94            android:name="preloaded_fonts"
94-->src\main\AndroidManifest.xml:70:13-43
95            android:resource="@array/preloaded_fonts" />
95-->src\main\AndroidManifest.xml:71:13-54
96
97        <activity android:name="com.facebook.CustomTabMainActivity" />
97-->[com.facebook.android:facebook-common:13.2.0] AndroidManifest.xml:34:9-71
97-->[com.facebook.android:facebook-common:13.2.0] AndroidManifest.xml:34:19-68
98
99        <service
99-->[com.google.firebase:firebase-auth-ktx:21.0.4] AndroidManifest.xml:8:9-14:19
100            android:name="com.google.firebase.components.ComponentDiscoveryService"
100-->[com.google.firebase:firebase-auth-ktx:21.0.4] AndroidManifest.xml:9:13-84
101            android:directBootAware="true"
101-->[com.google.firebase:firebase-common:20.1.0] AndroidManifest.xml:35:13-43
102            android:exported="false" >
102-->[com.google.firebase:firebase-auth-ktx:21.0.4] AndroidManifest.xml:10:13-37
103            <meta-data
103-->[com.google.firebase:firebase-auth-ktx:21.0.4] AndroidManifest.xml:11:13-13:85
104                android:name="com.google.firebase.components:com.google.firebase.auth.ktx.FirebaseAuthKtxRegistrar"
104-->[com.google.firebase:firebase-auth-ktx:21.0.4] AndroidManifest.xml:12:17-116
105                android:value="com.google.firebase.components.ComponentRegistrar" />
105-->[com.google.firebase:firebase-auth-ktx:21.0.4] AndroidManifest.xml:13:17-82
106            <meta-data
106-->[com.google.firebase:firebase-auth:21.0.4] AndroidManifest.xml:67:13-69:85
107                android:name="com.google.firebase.components:com.google.firebase.auth.FirebaseAuthRegistrar"
107-->[com.google.firebase:firebase-auth:21.0.4] AndroidManifest.xml:68:17-109
108                android:value="com.google.firebase.components.ComponentRegistrar" />
108-->[com.google.firebase:firebase-auth:21.0.4] AndroidManifest.xml:69:17-82
109            <meta-data
109-->[com.google.firebase:firebase-storage-ktx:20.0.1] AndroidManifest.xml:15:13-17:85
110                android:name="com.google.firebase.components:com.google.firebase.storage.ktx.FirebaseStorageKtxRegistrar"
110-->[com.google.firebase:firebase-storage-ktx:20.0.1] AndroidManifest.xml:16:17-122
111                android:value="com.google.firebase.components.ComponentRegistrar" />
111-->[com.google.firebase:firebase-storage-ktx:20.0.1] AndroidManifest.xml:17:17-82
112            <meta-data
112-->[com.google.firebase:firebase-storage:20.0.1] AndroidManifest.xml:33:13-35:85
113                android:name="com.google.firebase.components:com.google.firebase.storage.StorageRegistrar"
113-->[com.google.firebase:firebase-storage:20.0.1] AndroidManifest.xml:34:17-107
114                android:value="com.google.firebase.components.ComponentRegistrar" />
114-->[com.google.firebase:firebase-storage:20.0.1] AndroidManifest.xml:35:17-82
115            <meta-data
115-->[com.google.firebase:firebase-firestore-ktx:24.1.0] AndroidManifest.xml:15:13-17:85
116                android:name="com.google.firebase.components:com.google.firebase.firestore.ktx.FirebaseFirestoreKtxRegistrar"
116-->[com.google.firebase:firebase-firestore-ktx:24.1.0] AndroidManifest.xml:16:17-126
117                android:value="com.google.firebase.components.ComponentRegistrar" />
117-->[com.google.firebase:firebase-firestore-ktx:24.1.0] AndroidManifest.xml:17:17-82
118            <meta-data
118-->[com.google.firebase:firebase-firestore:24.1.0] AndroidManifest.xml:20:13-22:85
119                android:name="com.google.firebase.components:com.google.firebase.firestore.FirestoreRegistrar"
119-->[com.google.firebase:firebase-firestore:24.1.0] AndroidManifest.xml:21:17-111
120                android:value="com.google.firebase.components.ComponentRegistrar" />
120-->[com.google.firebase:firebase-firestore:24.1.0] AndroidManifest.xml:22:17-82
121            <meta-data
121-->[com.google.firebase:firebase-common-ktx:20.1.0] AndroidManifest.xml:15:13-17:85
122                android:name="com.google.firebase.components:com.google.firebase.ktx.FirebaseCommonKtxRegistrar"
122-->[com.google.firebase:firebase-common-ktx:20.1.0] AndroidManifest.xml:16:17-113
123                android:value="com.google.firebase.components.ComponentRegistrar" />
123-->[com.google.firebase:firebase-common-ktx:20.1.0] AndroidManifest.xml:17:17-82
124            <meta-data
124-->[com.google.android.gms:play-services-measurement-api:21.0.0] AndroidManifest.xml:31:13-33:85
125                android:name="com.google.firebase.components:com.google.firebase.analytics.connector.internal.AnalyticsConnectorRegistrar"
125-->[com.google.android.gms:play-services-measurement-api:21.0.0] AndroidManifest.xml:32:17-139
126                android:value="com.google.firebase.components.ComponentRegistrar" />
126-->[com.google.android.gms:play-services-measurement-api:21.0.0] AndroidManifest.xml:33:17-82
127            <meta-data
127-->[com.google.firebase:firebase-installations:17.0.1] AndroidManifest.xml:18:13-20:85
128                android:name="com.google.firebase.components:com.google.firebase.installations.FirebaseInstallationsRegistrar"
128-->[com.google.firebase:firebase-installations:17.0.1] AndroidManifest.xml:19:17-127
129                android:value="com.google.firebase.components.ComponentRegistrar" />
129-->[com.google.firebase:firebase-installations:17.0.1] AndroidManifest.xml:20:17-82
130        </service>
131
132        <activity
132-->[com.google.firebase:firebase-auth:21.0.4] AndroidManifest.xml:27:9-44:20
133            android:name="com.google.firebase.auth.internal.GenericIdpActivity"
133-->[com.google.firebase:firebase-auth:21.0.4] AndroidManifest.xml:28:13-80
134            android:excludeFromRecents="true"
134-->[com.google.firebase:firebase-auth:21.0.4] AndroidManifest.xml:29:13-46
135            android:exported="true"
135-->[com.google.firebase:firebase-auth:21.0.4] AndroidManifest.xml:30:13-36
136            android:launchMode="singleTask"
136-->[com.google.firebase:firebase-auth:21.0.4] AndroidManifest.xml:31:13-44
137            android:theme="@android:style/Theme.Translucent.NoTitleBar" >
137-->[com.google.firebase:firebase-auth:21.0.4] AndroidManifest.xml:32:13-72
138            <intent-filter>
138-->[com.google.firebase:firebase-auth:21.0.4] AndroidManifest.xml:33:13-43:29
139                <action android:name="android.intent.action.VIEW" />
139-->src\main\AndroidManifest.xml:59:17-69
139-->src\main\AndroidManifest.xml:59:25-66
140
141                <category android:name="android.intent.category.DEFAULT" />
141-->src\main\AndroidManifest.xml:61:17-76
141-->src\main\AndroidManifest.xml:61:27-73
142                <category android:name="android.intent.category.BROWSABLE" />
142-->src\main\AndroidManifest.xml:62:17-78
142-->src\main\AndroidManifest.xml:62:27-75
143
144                <data
144-->src\main\AndroidManifest.xml:64:17-75
145                    android:host="firebase.auth"
146                    android:path="/"
147                    android:scheme="genericidp" />
147-->src\main\AndroidManifest.xml:64:23-72
148            </intent-filter>
149        </activity>
150        <activity
150-->[com.google.firebase:firebase-auth:21.0.4] AndroidManifest.xml:45:9-62:20
151            android:name="com.google.firebase.auth.internal.RecaptchaActivity"
151-->[com.google.firebase:firebase-auth:21.0.4] AndroidManifest.xml:46:13-79
152            android:excludeFromRecents="true"
152-->[com.google.firebase:firebase-auth:21.0.4] AndroidManifest.xml:47:13-46
153            android:exported="true"
153-->[com.google.firebase:firebase-auth:21.0.4] AndroidManifest.xml:48:13-36
154            android:launchMode="singleTask"
154-->[com.google.firebase:firebase-auth:21.0.4] AndroidManifest.xml:49:13-44
155            android:theme="@android:style/Theme.Translucent.NoTitleBar" >
155-->[com.google.firebase:firebase-auth:21.0.4] AndroidManifest.xml:50:13-72
156            <intent-filter>
156-->[com.google.firebase:firebase-auth:21.0.4] AndroidManifest.xml:51:13-61:29
157                <action android:name="android.intent.action.VIEW" />
157-->src\main\AndroidManifest.xml:59:17-69
157-->src\main\AndroidManifest.xml:59:25-66
158
159                <category android:name="android.intent.category.DEFAULT" />
159-->src\main\AndroidManifest.xml:61:17-76
159-->src\main\AndroidManifest.xml:61:27-73
160                <category android:name="android.intent.category.BROWSABLE" />
160-->src\main\AndroidManifest.xml:62:17-78
160-->src\main\AndroidManifest.xml:62:27-75
161
162                <data
162-->src\main\AndroidManifest.xml:64:17-75
163                    android:host="firebase.auth"
164                    android:path="/"
165                    android:scheme="recaptcha" />
165-->src\main\AndroidManifest.xml:64:23-72
166            </intent-filter>
167        </activity>
168
169        <uses-library
169-->[androidx.window:window:1.0.0] AndroidManifest.xml:25:9-27:40
170            android:name="androidx.window.extensions"
170-->[androidx.window:window:1.0.0] AndroidManifest.xml:26:13-54
171            android:required="false" />
171-->[androidx.window:window:1.0.0] AndroidManifest.xml:27:13-37
172        <uses-library
172-->[androidx.window:window:1.0.0] AndroidManifest.xml:28:9-30:40
173            android:name="androidx.window.sidecar"
173-->[androidx.window:window:1.0.0] AndroidManifest.xml:29:13-51
174            android:required="false" />
174-->[androidx.window:window:1.0.0] AndroidManifest.xml:30:13-37
175        <!--
176         The initialization ContentProvider will call FacebookSdk.sdkInitialize automatically
177         with the application context. This config is merged in with the host app's manifest,
178         but there can only be one provider with the same authority activated at any given
179         point; so if the end user has two or more different apps that use Facebook SDK, only the
180         first one will be able to use the provider. To work around this problem, we use the
181         following placeholder in the authority to identify each host application as if it was
182         a completely different provider.
183        -->
184        <provider
184-->[com.facebook.android:facebook-core:13.2.0] AndroidManifest.xml:41:9-44:40
185            android:name="com.facebook.internal.FacebookInitProvider"
185-->[com.facebook.android:facebook-core:13.2.0] AndroidManifest.xml:42:13-70
186            android:authorities="com.divinando.tfg.adivinando.FacebookInitProvider"
186-->[com.facebook.android:facebook-core:13.2.0] AndroidManifest.xml:43:13-72
187            android:exported="false" />
187-->[com.facebook.android:facebook-core:13.2.0] AndroidManifest.xml:44:13-37
188
189        <receiver
189-->[com.facebook.android:facebook-core:13.2.0] AndroidManifest.xml:46:9-52:20
190            android:name="com.facebook.CurrentAccessTokenExpirationBroadcastReceiver"
190-->[com.facebook.android:facebook-core:13.2.0] AndroidManifest.xml:47:13-86
191            android:exported="false" >
191-->[com.facebook.android:facebook-core:13.2.0] AndroidManifest.xml:48:13-37
192            <intent-filter>
192-->[com.facebook.android:facebook-core:13.2.0] AndroidManifest.xml:49:13-51:29
193                <action android:name="com.facebook.sdk.ACTION_CURRENT_ACCESS_TOKEN_CHANGED" />
193-->[com.facebook.android:facebook-core:13.2.0] AndroidManifest.xml:50:17-95
193-->[com.facebook.android:facebook-core:13.2.0] AndroidManifest.xml:50:25-92
194            </intent-filter>
195        </receiver>
196        <receiver
196-->[com.facebook.android:facebook-core:13.2.0] AndroidManifest.xml:53:9-59:20
197            android:name="com.facebook.AuthenticationTokenManager$CurrentAuthenticationTokenChangedBroadcastReceiver"
197-->[com.facebook.android:facebook-core:13.2.0] AndroidManifest.xml:54:13-118
198            android:exported="false" >
198-->[com.facebook.android:facebook-core:13.2.0] AndroidManifest.xml:55:13-37
199            <intent-filter>
199-->[com.facebook.android:facebook-core:13.2.0] AndroidManifest.xml:56:13-58:29
200                <action android:name="com.facebook.sdk.ACTION_CURRENT_AUTHENTICATION_TOKEN_CHANGED" />
200-->[com.facebook.android:facebook-core:13.2.0] AndroidManifest.xml:57:17-103
200-->[com.facebook.android:facebook-core:13.2.0] AndroidManifest.xml:57:25-100
201            </intent-filter>
202        </receiver>
203
204        <activity
204-->[com.google.android.gms:play-services-auth:20.2.0] AndroidManifest.xml:23:9-27:75
205            android:name="com.google.android.gms.auth.api.signin.internal.SignInHubActivity"
205-->[com.google.android.gms:play-services-auth:20.2.0] AndroidManifest.xml:24:13-93
206            android:excludeFromRecents="true"
206-->[com.google.android.gms:play-services-auth:20.2.0] AndroidManifest.xml:25:13-46
207            android:exported="false"
207-->[com.google.android.gms:play-services-auth:20.2.0] AndroidManifest.xml:26:13-37
208            android:theme="@android:style/Theme.Translucent.NoTitleBar" />
208-->[com.google.android.gms:play-services-auth:20.2.0] AndroidManifest.xml:27:13-72
209        <!--
210            Service handling Google Sign-In user revocation. For apps that do not integrate with
211            Google Sign-In, this service will never be started.
212        -->
213        <service
213-->[com.google.android.gms:play-services-auth:20.2.0] AndroidManifest.xml:33:9-37:51
214            android:name="com.google.android.gms.auth.api.signin.RevocationBoundService"
214-->[com.google.android.gms:play-services-auth:20.2.0] AndroidManifest.xml:34:13-89
215            android:exported="true"
215-->[com.google.android.gms:play-services-auth:20.2.0] AndroidManifest.xml:35:13-36
216            android:permission="com.google.android.gms.auth.api.signin.permission.REVOCATION_NOTIFICATION"
216-->[com.google.android.gms:play-services-auth:20.2.0] AndroidManifest.xml:36:13-107
217            android:visibleToInstantApps="true" />
217-->[com.google.android.gms:play-services-auth:20.2.0] AndroidManifest.xml:37:13-48
218
219        <provider
219-->[com.google.firebase:firebase-common:20.1.0] AndroidManifest.xml:26:9-31:39
220            android:name="com.google.firebase.provider.FirebaseInitProvider"
220-->[com.google.firebase:firebase-common:20.1.0] AndroidManifest.xml:27:13-77
221            android:authorities="com.divinando.tfg.adivinando.firebaseinitprovider"
221-->[com.google.firebase:firebase-common:20.1.0] AndroidManifest.xml:28:13-72
222            android:directBootAware="true"
222-->[com.google.firebase:firebase-common:20.1.0] AndroidManifest.xml:29:13-43
223            android:exported="false"
223-->[com.google.firebase:firebase-common:20.1.0] AndroidManifest.xml:30:13-37
224            android:initOrder="100" />
224-->[com.google.firebase:firebase-common:20.1.0] AndroidManifest.xml:31:13-36
225
226        <activity
226-->[com.google.android.gms:play-services-base:18.0.1] AndroidManifest.xml:20:9-22:45
227            android:name="com.google.android.gms.common.api.GoogleApiActivity"
227-->[com.google.android.gms:play-services-base:18.0.1] AndroidManifest.xml:20:19-85
228            android:exported="false"
228-->[com.google.android.gms:play-services-base:18.0.1] AndroidManifest.xml:22:19-43
229            android:theme="@android:style/Theme.Translucent.NoTitleBar" />
229-->[com.google.android.gms:play-services-base:18.0.1] AndroidManifest.xml:21:19-78
230
231        <receiver
231-->[com.google.android.gms:play-services-measurement:21.0.0] AndroidManifest.xml:29:9-33:20
232            android:name="com.google.android.gms.measurement.AppMeasurementReceiver"
232-->[com.google.android.gms:play-services-measurement:21.0.0] AndroidManifest.xml:30:13-85
233            android:enabled="true"
233-->[com.google.android.gms:play-services-measurement:21.0.0] AndroidManifest.xml:31:13-35
234            android:exported="false" >
234-->[com.google.android.gms:play-services-measurement:21.0.0] AndroidManifest.xml:32:13-37
235        </receiver>
236
237        <service
237-->[com.google.android.gms:play-services-measurement:21.0.0] AndroidManifest.xml:35:9-38:40
238            android:name="com.google.android.gms.measurement.AppMeasurementService"
238-->[com.google.android.gms:play-services-measurement:21.0.0] AndroidManifest.xml:36:13-84
239            android:enabled="true"
239-->[com.google.android.gms:play-services-measurement:21.0.0] AndroidManifest.xml:37:13-35
240            android:exported="false" />
240-->[com.google.android.gms:play-services-measurement:21.0.0] AndroidManifest.xml:38:13-37
241        <service
241-->[com.google.android.gms:play-services-measurement:21.0.0] AndroidManifest.xml:39:9-43:72
242            android:name="com.google.android.gms.measurement.AppMeasurementJobService"
242-->[com.google.android.gms:play-services-measurement:21.0.0] AndroidManifest.xml:40:13-87
243            android:enabled="true"
243-->[com.google.android.gms:play-services-measurement:21.0.0] AndroidManifest.xml:41:13-35
244            android:exported="false"
244-->[com.google.android.gms:play-services-measurement:21.0.0] AndroidManifest.xml:42:13-37
245            android:permission="android.permission.BIND_JOB_SERVICE" />
245-->[com.google.android.gms:play-services-measurement:21.0.0] AndroidManifest.xml:43:13-69
246
247        <meta-data
247-->[com.google.android.gms:play-services-basement:18.0.0] AndroidManifest.xml:21:9-23:69
248            android:name="com.google.android.gms.version"
248-->[com.google.android.gms:play-services-basement:18.0.0] AndroidManifest.xml:22:13-58
249            android:value="@integer/google_play_services_version" />
249-->[com.google.android.gms:play-services-basement:18.0.0] AndroidManifest.xml:23:13-66
250
251        <provider
251-->[com.squareup.picasso:picasso:2.71828] AndroidManifest.xml:8:9-11:40
252            android:name="com.squareup.picasso.PicassoProvider"
252-->[com.squareup.picasso:picasso:2.71828] AndroidManifest.xml:9:13-64
253            android:authorities="com.divinando.tfg.adivinando.com.squareup.picasso"
253-->[com.squareup.picasso:picasso:2.71828] AndroidManifest.xml:10:13-72
254            android:exported="false" />
254-->[com.squareup.picasso:picasso:2.71828] AndroidManifest.xml:11:13-37
255        <provider
255-->[androidx.emoji2:emoji2:1.0.0] AndroidManifest.xml:26:9-34:20
256            android:name="androidx.startup.InitializationProvider"
256-->[androidx.emoji2:emoji2:1.0.0] AndroidManifest.xml:27:13-67
257            android:authorities="com.divinando.tfg.adivinando.androidx-startup"
257-->[androidx.emoji2:emoji2:1.0.0] AndroidManifest.xml:28:13-68
258            android:exported="false" >
258-->[androidx.emoji2:emoji2:1.0.0] AndroidManifest.xml:29:13-37
259            <meta-data
259-->[androidx.emoji2:emoji2:1.0.0] AndroidManifest.xml:31:13-33:52
260                android:name="androidx.emoji2.text.EmojiCompatInitializer"
260-->[androidx.emoji2:emoji2:1.0.0] AndroidManifest.xml:32:17-75
261                android:value="androidx.startup" />
261-->[androidx.emoji2:emoji2:1.0.0] AndroidManifest.xml:33:17-49
262            <meta-data
262-->[androidx.lifecycle:lifecycle-process:2.4.0] AndroidManifest.xml:31:13-33:52
263                android:name="androidx.lifecycle.ProcessLifecycleInitializer"
263-->[androidx.lifecycle:lifecycle-process:2.4.0] AndroidManifest.xml:32:17-78
264                android:value="androidx.startup" />
264-->[androidx.lifecycle:lifecycle-process:2.4.0] AndroidManifest.xml:33:17-49
265        </provider>
266    </application>
267
268</manifest>